<?xml version="1.0" encoding="UTF-8"?>
<testng-results ignored="0" total="1" passed="1" failed="0" skipped="0">
  <reporter-output>
  </reporter-output>
  <suite started-at="2023-12-06T12:43:51 IST" name="Default suite" finished-at="2023-12-06T12:44:02 IST" duration-ms="11170">
    <groups>
      <group name="cucumber">
        <method signature="AbstractTestNGCucumberTests.runScenario(io.cucumber.testng.PickleWrapper,io.cucumber.testng.FeatureWrapper)[pri:0, instance:testcases.LoginTC_001@2892d68]" name="runScenario" class="io.cucumber.testng.AbstractTestNGCucumberTests"/>
      </group> <!-- cucumber -->
    </groups>
    <test started-at="2023-12-06T12:43:51 IST" name="Default test" finished-at="2023-12-06T12:44:02 IST" duration-ms="11170">
      <class name="testcases.LoginTC_001">
        <test-method is-config="true" signature="setUpClass(org.testng.ITestContext)[pri:0, instance:testcases.LoginTC_001@2892d68]" started-at="2023-12-06T12:43:51 IST" name="setUpClass" finished-at="2023-12-06T12:43:51 IST" duration-ms="356" status="PASS">
          <params>
            <param index="0">
              <value>
                <![CDATA[org.testng.TestRunner@18acfe88]]>
              </value>
            </param>
          </params>
          <reporter-output>
          </reporter-output>
        </test-method> <!-- setUpClass -->
        <test-method is-config="true" signature="preCondition()[pri:0, instance:testcases.LoginTC_001@2892d68]" started-at="2023-12-06T12:43:51 IST" name="preCondition" finished-at="2023-12-06T12:43:57 IST" duration-ms="6300" status="PASS">
          <reporter-output>
          </reporter-output>
        </test-method> <!-- preCondition -->
        <test-method signature="runLogin()[pri:0, instance:testcases.LoginTC_001@2892d68]" started-at="2023-12-06T12:43:57 IST" name="runLogin" finished-at="2023-12-06T12:44:01 IST" duration-ms="3738" status="PASS">
          <reporter-output>
          </reporter-output>
        </test-method> <!-- runLogin -->
        <test-method is-config="true" signature="postCondition()[pri:0, instance:testcases.LoginTC_001@2892d68]" started-at="2023-12-06T12:44:01 IST" name="postCondition" finished-at="2023-12-06T12:44:02 IST" duration-ms="695" status="PASS">
          <reporter-output>
          </reporter-output>
        </test-method> <!-- postCondition -->
        <test-method is-config="true" signature="tearDownClass()[pri:0, instance:testcases.LoginTC_001@2892d68]" started-at="2023-12-06T12:44:02 IST" name="tearDownClass" finished-at="2023-12-06T12:44:02 IST" duration-ms="16" status="PASS">
          <reporter-output>
          </reporter-output>
        </test-method> <!-- tearDownClass -->
      </class> <!-- testcases.LoginTC_001 -->
    </test> <!-- Default test -->
  </suite> <!-- Default suite -->
</testng-results>
