<?xml version="1.0" encoding="UTF-8"?>
<!-- Generated by org.testng.reporters.JUnitXMLReporter -->
<testsuite ignored="0" hostname="DESKTOP-TFD5UIM" failures="0" tests="4" name="Test" time="35.829" errors="0" timestamp="2023-12-06T11:24:13 IST">
  <testcase classname="testcases.LoginLogoutTC_002" name="runLogout" time="3.048"/>
  <testcase classname="testcases.LoginTC_001" name="runLogin" time="9.158"/>
  <testcase classname="io.cucumber.testng.AbstractTestNGCucumberTests" name="runScenario" time="18.115"/>
  <testcase classname="testcases.CreateLeadTC_003" name="runCreateLead" time="19.037"/>
</testsuite> <!-- Test -->
